2025-07-15 15:29:15,780 [INFO] Activator:176 - 


2025-07-15 15:29:15,782 [INFO] Activator:177 - !SESSION log4j initialized
2025-07-15 15:29:17,850 [ERROR] LogOutputStream:75 - [STDERR_REDIRECT] 
2025-07-15 15:29:20,049 [INFO] LogOutputStream:77 - [STDOUT_REDIRECT] 
2025-07-15 15:29:20,707 [ERROR] LogOutputStream:75 - [STDERR_REDIRECT] java.net.URISyntaxException: Illegal character in path at index 65: file:/Users/umbertofrancescocarolini/Desktop/Università/Materiale Magistrale/Embedded Control/self-balancing-robot/.metadata/.log4j2.xml
2025-07-15 15:29:20,709 [ERROR] LogOutputStream:75 - [STDERR_REDIRECT] 	at java.base/java.net.URI$Parser.fail(URI.java:2995)
2025-07-15 15:29:20,713 [ERROR] LogOutputStream:75 - [STDERR_REDIRECT] 	at java.base/java.net.URI$Parser.checkChars(URI.java:3166)
2025-07-15 15:29:20,714 [ERROR] LogOutputStream:75 - [STDERR_REDIRECT] 	at java.base/java.net.URI$Parser.parseHierarchical(URI.java:3248)
2025-07-15 15:29:20,714 [ERROR] LogOutputStream:75 - [STDERR_REDIRECT] 	at java.base/java.net.URI$Parser.parse(URI.java:3196)
2025-07-15 15:29:20,714 [ERROR] LogOutputStream:75 - [STDERR_REDIRECT] 	at java.base/java.net.URI.<init>(URI.java:645)
2025-07-15 15:29:20,721 [ERROR] LogOutputStream:75 - [STDERR_REDIRECT] 	at java.base/java.net.URL.toURI(URL.java:1220)
2025-07-15 15:29:20,726 [ERROR] LogOutputStream:75 - [STDERR_REDIRECT] 	at com.st.stm32cube.common.mx.core.CubeMxInstance.getInstance(CubeMxInstance.java:81)
2025-07-15 15:29:20,727 [ERROR] LogOutputStream:75 - [STDERR_REDIRECT] 	at com.st.stm32cube.common.mx.userauth.UserAuthAdapter.<init>(UserAuthAdapter.java:25)
2025-07-15 15:29:20,728 [ERROR] LogOutputStream:75 - [STDERR_REDIRECT] 	at com.st.stm32cube.common.mx.userauth.UserAuthProvider.getUserAuthAdapter(UserAuthProvider.java:16)
2025-07-15 15:29:20,728 [ERROR] LogOutputStream:75 - [STDERR_REDIRECT] 	at com.st.stm32cube.common.ecosystemintegration.ui.core.MCUEcoSystemIntegrationUiHelper.getUserAuth(MCUEcoSystemIntegrationUiHelper.java:100)
2025-07-15 15:29:20,729 [ERROR] LogOutputStream:75 - [STDERR_REDIRECT] 	at com.st.stm32cube.ide.mcu.userauth.UserAuthStartup.earlyStartup(UserAuthStartup.java:32)
2025-07-15 15:29:20,729 [ERROR] LogOutputStream:75 - [STDERR_REDIRECT] 	at org.eclipse.ui.internal.EarlyStartupRunnable.runEarlyStartup(EarlyStartupRunnable.java:79)
2025-07-15 15:29:20,729 [ERROR] LogOutputStream:75 - [STDERR_REDIRECT] 	at org.eclipse.ui.internal.EarlyStartupRunnable.run(EarlyStartupRunnable.java:55)
2025-07-15 15:29:20,729 [ERROR] LogOutputStream:75 - [STDERR_REDIRECT] 	at org.eclipse.core.runtime.SafeRunner.run(SafeRunner.java:47)
2025-07-15 15:29:20,729 [ERROR] LogOutputStream:75 - [STDERR_REDIRECT] 	at org.eclipse.ui.internal.Workbench$39.run(Workbench.java:2762)
2025-07-15 15:29:20,729 [ERROR] LogOutputStream:75 - [STDERR_REDIRECT] 	at org.eclipse.core.internal.jobs.Worker.run(Worker.java:63)
2025-07-15 15:29:25,194 [ERROR] LogOutputStream:75 - [STDERR_REDIRECT] [Fatal Error] :2:10: DOCTYPE is disallowed when the feature "http://apache.org/xml/features/disallow-doctype-decl" set to true.
2025-07-15 15:29:25,197 [ERROR] LogOutputStream:75 - [STDERR_REDIRECT] 
2025-07-15 15:29:32,542 [INFO] LogOutputStream:77 - [STDOUT_REDIRECT] 1 : Invalid condition id : UX_CORESTACK_Condition cause : null
2025-07-15 15:29:32,566 [INFO] LogOutputStream:77 - [STDOUT_REDIRECT] 1 : Invalid condition id : UX_CORESTACK_Condition cause : null
2025-07-15 15:29:32,573 [INFO] LogOutputStream:77 - [STDOUT_REDIRECT] 1 : Invalid condition id : UX_CORESTACK_Condition cause : null
2025-07-15 15:29:32,576 [INFO] LogOutputStream:77 - [STDOUT_REDIRECT] 1 : Invalid condition id : UX_CORESTACK_Condition cause : null
2025-07-15 15:29:32,580 [INFO] LogOutputStream:77 - [STDOUT_REDIRECT] 1 : Invalid condition id : UX_CORESTACK_Condition cause : null
2025-07-15 15:37:10,159 [INFO] Activator:176 - 


2025-07-15 15:37:10,161 [INFO] Activator:177 - !SESSION log4j initialized
2025-07-15 15:37:11,656 [INFO] LogOutputStream:77 - [STDOUT_REDIRECT] 
2025-07-15 15:37:18,999 [ERROR] LogOutputStream:75 - [STDERR_REDIRECT] 
2025-07-15 15:37:23,782 [INFO] LogOutputStream:77 - [STDOUT_REDIRECT] 
2025-07-15 15:37:26,580 [ERROR] LogOutputStream:75 - [STDERR_REDIRECT] java.net.URISyntaxException: Illegal character in path at index 65: file:/Users/umbertofrancescocarolini/Desktop/Università/Materiale Magistrale/Embedded Control/self-balancing-robot/.metadata/.log4j2.xml
2025-07-15 15:37:26,586 [ERROR] LogOutputStream:75 - [STDERR_REDIRECT] 	at java.base/java.net.URI$Parser.fail(URI.java:2995)
2025-07-15 15:37:26,592 [ERROR] LogOutputStream:75 - [STDERR_REDIRECT] 	at java.base/java.net.URI$Parser.checkChars(URI.java:3166)
2025-07-15 15:37:26,592 [ERROR] LogOutputStream:75 - [STDERR_REDIRECT] 	at java.base/java.net.URI$Parser.parseHierarchical(URI.java:3248)
2025-07-15 15:37:26,593 [ERROR] LogOutputStream:75 - [STDERR_REDIRECT] 	at java.base/java.net.URI$Parser.parse(URI.java:3196)
2025-07-15 15:37:26,597 [ERROR] LogOutputStream:75 - [STDERR_REDIRECT] 	at java.base/java.net.URI.<init>(URI.java:645)
2025-07-15 15:37:26,598 [ERROR] LogOutputStream:75 - [STDERR_REDIRECT] 	at java.base/java.net.URL.toURI(URL.java:1220)
2025-07-15 15:37:26,605 [ERROR] LogOutputStream:75 - [STDERR_REDIRECT] 	at com.st.stm32cube.common.mx.core.CubeMxInstance.getInstance(CubeMxInstance.java:81)
2025-07-15 15:37:26,607 [ERROR] LogOutputStream:75 - [STDERR_REDIRECT] 	at com.st.stm32cube.common.mx.userauth.UserAuthAdapter.<init>(UserAuthAdapter.java:25)
2025-07-15 15:37:26,608 [ERROR] LogOutputStream:75 - [STDERR_REDIRECT] 	at com.st.stm32cube.common.mx.userauth.UserAuthProvider.getUserAuthAdapter(UserAuthProvider.java:16)
2025-07-15 15:37:26,608 [ERROR] LogOutputStream:75 - [STDERR_REDIRECT] 	at com.st.stm32cube.common.ecosystemintegration.ui.core.MCUEcoSystemIntegrationUiHelper.getUserAuth(MCUEcoSystemIntegrationUiHelper.java:100)
2025-07-15 15:37:26,608 [ERROR] LogOutputStream:75 - [STDERR_REDIRECT] 	at com.st.stm32cube.ide.mcu.userauth.UserAuthStartup.earlyStartup(UserAuthStartup.java:32)
2025-07-15 15:37:26,608 [ERROR] LogOutputStream:75 - [STDERR_REDIRECT] 	at org.eclipse.ui.internal.EarlyStartupRunnable.runEarlyStartup(EarlyStartupRunnable.java:79)
2025-07-15 15:37:26,608 [ERROR] LogOutputStream:75 - [STDERR_REDIRECT] 	at org.eclipse.ui.internal.EarlyStartupRunnable.run(EarlyStartupRunnable.java:55)
2025-07-15 15:37:26,608 [ERROR] LogOutputStream:75 - [STDERR_REDIRECT] 	at org.eclipse.core.runtime.SafeRunner.run(SafeRunner.java:47)
2025-07-15 15:37:26,609 [ERROR] LogOutputStream:75 - [STDERR_REDIRECT] 	at org.eclipse.ui.internal.Workbench$39.run(Workbench.java:2733)
2025-07-15 15:37:26,609 [ERROR] LogOutputStream:75 - [STDERR_REDIRECT] 	at org.eclipse.core.internal.jobs.Worker.run(Worker.java:63)
2025-07-15 15:37:27,006 [INFO] ApplicationProperties:184 - Using Application install path: /Applications/STM32CubeIDE.app/Contents/Eclipse/plugins/com.st.stm32cube.common.mx_6.15.0.202507011659
2025-07-15 15:37:27,043 [INFO] DbMcusXml:78 - Set database path to: /Applications/STM32CubeIDE.app/Contents/Eclipse/plugins/com.st.stm32cube.common.mx_6.15.0.202507011659//db//mcu/
2025-07-15 15:37:27,046 [INFO] ApiDb:274 - Set plugin database path to: /Applications/STM32CubeIDE.app/Contents/Eclipse/plugins/com.st.stm32cube.common.mx_6.15.0.202507011659//db//plugins/boardmanager/
2025-07-15 15:37:27,048 [WARN] ApiDb:259 - Overriding images path with different value:  => /Applications/STM32CubeIDE.app/Contents/Eclipse/plugins/com.st.stm32cube.common.mx_6.15.0.202507011659//db//plugins/mcufinder/images/
2025-07-15 15:37:27,071 [INFO] ApiDb:250 - Set database path to: /Users/umbertofrancescocarolini/.stmcufinder/plugins/mcufinder//mcu/
2025-07-15 15:37:27,074 [INFO] DbMcusAds:125 - Set database path to: /Users/umbertofrancescocarolini/.stmcufinder/plugins/mcufinder//mcu/
2025-07-15 15:37:27,077 [INFO] CrossReferenceDbSqlite:203 - Set database path to: /Users/umbertofrancescocarolini/.stmcufinder/plugins/mcufinder//mcu/cs/
2025-07-15 15:37:27,312 [INFO] RulesReader:64 - Compatibility file has been processed (317 Rules)
2025-07-15 15:37:27,390 [INFO] DbMcusXml:78 - Set database path to: /Applications/STM32CubeIDE.app/Contents/Eclipse/plugins/com.st.stm32cube.common.mx_6.15.0.202507011659//db//mcu/
2025-07-15 15:37:27,390 [INFO] ApiDb:274 - Set plugin database path to: /Applications/STM32CubeIDE.app/Contents/Eclipse/plugins/com.st.stm32cube.common.mx_6.15.0.202507011659//db//plugins/boardmanager/
2025-07-15 15:37:27,391 [INFO] ApiDb:261 - Set plugin images path to: /Applications/STM32CubeIDE.app/Contents/Eclipse/plugins/com.st.stm32cube.common.mx_6.15.0.202507011659//db//plugins/mcufinder/images/
2025-07-15 15:37:27,391 [WARN] DbFile:41 - Overriding database path with different value: /Users/umbertofrancescocarolini/.stmcufinder/plugins/mcufinder/ => /Users/umbertofrancescocarolini/.stmcufinder/plugins/mcufinder
2025-07-15 15:37:27,391 [INFO] ApiDb:250 - Set database path to: /Users/umbertofrancescocarolini/.stmcufinder/plugins/mcufinder//mcu/
2025-07-15 15:37:27,391 [WARN] DbFile:41 - Overriding database path with different value: /Users/umbertofrancescocarolini/.stmcufinder/plugins/mcufinder/ => /Users/umbertofrancescocarolini/.stmcufinder/plugins/mcufinder
2025-07-15 15:37:27,391 [INFO] DbMcusAds:125 - Set database path to: /Users/umbertofrancescocarolini/.stmcufinder/plugins/mcufinder//mcu/
2025-07-15 15:37:27,391 [WARN] DbFile:41 - Overriding database path with different value: /Users/umbertofrancescocarolini/.stmcufinder/plugins/mcufinder/ => /Users/umbertofrancescocarolini/.stmcufinder/plugins/mcufinder
2025-07-15 15:37:27,391 [WARN] DbFile:41 - Overriding database path with different value: /Users/umbertofrancescocarolini/.stmcufinder/plugins/mcufinder/ => /Users/umbertofrancescocarolini/.stmcufinder/plugins/mcufinder
2025-07-15 15:37:27,391 [INFO] CrossReferenceDbSqlite:203 - Set database path to: /Users/umbertofrancescocarolini/.stmcufinder/plugins/mcufinder//mcu/cs/
2025-07-15 15:37:27,485 [INFO] MainPanel:274 - HeapMemory: 423624704
2025-07-15 15:37:28,193 [INFO] DbMcusXml:78 - Set database path to: /Applications/STM32CubeIDE.app/Contents/Eclipse/plugins/com.st.stm32cube.common.mx_6.15.0.202507011659//db//mcu/
2025-07-15 15:37:28,193 [INFO] ApiDb:274 - Set plugin database path to: /Applications/STM32CubeIDE.app/Contents/Eclipse/plugins/com.st.stm32cube.common.mx_6.15.0.202507011659//db//plugins/boardmanager/
2025-07-15 15:37:28,193 [INFO] ApiDb:261 - Set plugin images path to: /Applications/STM32CubeIDE.app/Contents/Eclipse/plugins/com.st.stm32cube.common.mx_6.15.0.202507011659//db//plugins/mcufinder/images/
2025-07-15 15:37:28,194 [WARN] DbFile:41 - Overriding database path with different value: /Users/umbertofrancescocarolini/.stmcufinder/plugins/mcufinder/ => /Users/umbertofrancescocarolini/.stmcufinder/plugins/mcufinder
2025-07-15 15:37:28,194 [INFO] ApiDb:250 - Set database path to: /Users/umbertofrancescocarolini/.stmcufinder/plugins/mcufinder//mcu/
2025-07-15 15:37:28,194 [WARN] DbFile:41 - Overriding database path with different value: /Users/umbertofrancescocarolini/.stmcufinder/plugins/mcufinder/ => /Users/umbertofrancescocarolini/.stmcufinder/plugins/mcufinder
2025-07-15 15:37:28,194 [INFO] DbMcusAds:125 - Set database path to: /Users/umbertofrancescocarolini/.stmcufinder/plugins/mcufinder//mcu/
2025-07-15 15:37:28,194 [WARN] DbFile:41 - Overriding database path with different value: /Users/umbertofrancescocarolini/.stmcufinder/plugins/mcufinder/ => /Users/umbertofrancescocarolini/.stmcufinder/plugins/mcufinder
2025-07-15 15:37:28,194 [WARN] DbFile:41 - Overriding database path with different value: /Users/umbertofrancescocarolini/.stmcufinder/plugins/mcufinder/ => /Users/umbertofrancescocarolini/.stmcufinder/plugins/mcufinder
2025-07-15 15:37:28,194 [INFO] CrossReferenceDbSqlite:203 - Set database path to: /Users/umbertofrancescocarolini/.stmcufinder/plugins/mcufinder//mcu/cs/
2025-07-15 15:37:28,219 [INFO] ApplicationProperties:184 - Using Application install path: /Applications/STM32CubeIDE.app/Contents/Eclipse/plugins/com.st.stm32cube.common.mx_6.15.0.202507011659
2025-07-15 15:37:28,220 [INFO] PluginManage:196 - Search for loadable plugins [exclusion list=, ]
2025-07-15 15:37:28,222 [INFO] PluginManage:310 - Check plugin analytics
2025-07-15 15:37:29,255 [INFO] AnalyticsPlugin:253 - Accepted Software Licenses: STM32CubeMX.6.14.0
2025-07-15 15:37:29,264 [INFO] AnalyticsPlugin:255 - Accepted CMSIS Pack Licenses: 
2025-07-15 15:37:29,266 [INFO] AnalyticsPlugin:257 - Accepted Firmware Licenses: FW.F4.1.28.0
2025-07-15 15:37:29,365 [INFO] PluginManage:359 - Loaded plugin analytics (category:tool,tabindex:-1)
2025-07-15 15:37:29,368 [INFO] PluginManage:310 - Check plugin cadmodel
2025-07-15 15:37:29,427 [INFO] CADModel:105 - Init CAD model plugin
2025-07-15 15:37:29,427 [INFO] PluginManage:359 - Loaded plugin cadmodel (category:power,tabindex:5)
2025-07-15 15:37:29,432 [INFO] PluginManage:310 - Check plugin clock
2025-07-15 15:37:29,447 [INFO] PluginManage:359 - Loaded plugin clock (category:base,tabindex:2)
2025-07-15 15:37:29,448 [INFO] PluginManage:310 - Check plugin ddr
2025-07-15 15:37:29,450 [INFO] PluginManage:359 - Loaded plugin ddr (category:tool,tabindex:6)
2025-07-15 15:37:29,451 [INFO] PluginManage:310 - Check plugin filemanager
2025-07-15 15:37:29,806 [INFO] PluginManage:359 - Loaded plugin filemanager (category:base,tabindex:10)
2025-07-15 15:37:29,808 [INFO] PluginManage:310 - Check plugin ipmanager
2025-07-15 15:37:29,827 [INFO] PluginManage:359 - Loaded plugin ipmanager (category:base,tabindex:5)
2025-07-15 15:37:29,828 [INFO] PluginManage:310 - Check plugin lpbam
2025-07-15 15:37:29,844 [INFO] PluginManage:359 - Loaded plugin lpbam (category:base,tabindex:0)
2025-07-15 15:37:29,844 [INFO] PluginManage:310 - Check plugin memorymap
2025-07-15 15:37:29,857 [INFO] PluginManage:359 - Loaded plugin memorymap (category:base,tabindex:4)
2025-07-15 15:37:29,857 [INFO] PluginManage:310 - Check plugin pinoutandconfiguration
2025-07-15 15:37:29,865 [INFO] PluginManage:359 - Loaded plugin pinoutandconfiguration (category:base,tabindex:1)
2025-07-15 15:37:29,865 [INFO] PluginManage:310 - Check plugin pinoutconfig
2025-07-15 15:37:29,989 [WARN] SupportedApi:132 - Cannot load RTOS API schema: s4s-elt-must-match.1: The content of 'definitions' must match (annotation?, (simpleType | complexType)?, (unique | key | keyref)*)). A problem was found starting at: attribute.
2025-07-15 15:37:30,235 [INFO] PluginManage:359 - Loaded plugin pinoutconfig (category:base,tabindex:0)
2025-07-15 15:37:30,236 [INFO] PluginManage:310 - Check plugin power
2025-07-15 15:37:30,248 [INFO] PluginManage:359 - Loaded plugin power (category:power,tabindex:4)
2025-07-15 15:37:30,248 [INFO] PluginManage:310 - Check plugin projectmanager
2025-07-15 15:37:30,306 [INFO] PluginManage:359 - Loaded plugin projectmanager (category:projectmanager,tabindex:4)
2025-07-15 15:37:30,307 [INFO] PluginManage:310 - Check plugin rif
2025-07-15 15:37:30,317 [INFO] PluginManage:359 - Loaded plugin rif (category:base,tabindex:3)
2025-07-15 15:37:30,317 [INFO] PluginManage:310 - Check plugin thirdparty
2025-07-15 15:37:30,544 [INFO] PluginManage:359 - Loaded plugin thirdparty (category:base,tabindex:-1)
2025-07-15 15:37:30,545 [WARN] IntegrityCheckThread:84 - waiting for thirdparty lock release [integrity check]
2025-07-15 15:37:30,546 [INFO] PluginManage:310 - Check plugin tools
2025-07-15 15:37:30,547 [INFO] IntegrityCheckThread:86 - entering critical section [integrity check]
2025-07-15 15:37:30,549 [INFO] ThirdPartyUpdaterWithRetryManager:70 - Updater plugin not ready yet. [1/15]
2025-07-15 15:37:30,550 [INFO] PluginManage:359 - Loaded plugin tools (category:base,tabindex:7)
2025-07-15 15:37:30,550 [INFO] PluginManage:310 - Check plugin tutovideos
2025-07-15 15:37:30,837 [INFO] PluginManage:359 - Loaded plugin tutovideos (category:base,tabindex:-1)
2025-07-15 15:37:30,837 [INFO] PluginManage:310 - Check plugin updater
2025-07-15 15:37:30,880 [INFO] PluginManage:359 - Loaded plugin updater (category:base,tabindex:12)
2025-07-15 15:37:30,880 [INFO] PluginManage:310 - Check plugin userauth
2025-07-15 15:37:30,886 [INFO] UserAuth:118 - Init User Auth plugin
2025-07-15 15:37:30,888 [INFO] PluginManage:359 - Loaded plugin userauth (category:base,tabindex:14)
2025-07-15 15:37:30,890 [INFO] PluginManage:283 - PluginManage : Loaded plugins [18]
2025-07-15 15:37:31,177 [INFO] PinOutPanel:1589 - setPackage(No Configuration,No Configuration)
2025-07-15 15:37:31,945 [INFO] CADModel:165 - CPN selected for project level
2025-07-15 15:37:31,958 [INFO] CADModel:114 - Register for checkConnection events
2025-07-15 15:37:32,054 [INFO] IPUIPlugin:80 - create IPUIPlugin
2025-07-15 15:37:32,055 [INFO] PluginManager:220 - loadIPPluginJar : add mdma
2025-07-15 15:37:32,071 [INFO] IPUIPlugin:80 - create IPUIPlugin
2025-07-15 15:37:32,071 [INFO] PluginManager:220 - loadIPPluginJar : add freertos
2025-07-15 15:37:32,077 [INFO] IPUIPlugin:80 - create IPUIPlugin
2025-07-15 15:37:32,077 [INFO] PluginManager:220 - loadIPPluginJar : add gic
2025-07-15 15:37:32,085 [INFO] IPUIPlugin:80 - create IPUIPlugin
2025-07-15 15:37:32,086 [INFO] PluginManager:220 - loadIPPluginJar : add adc
2025-07-15 15:37:32,089 [INFO] IPUIPlugin:80 - create IPUIPlugin
2025-07-15 15:37:32,089 [INFO] PluginManager:220 - loadIPPluginJar : add gtzc
2025-07-15 15:37:32,090 [INFO] IPUIPlugin:80 - create IPUIPlugin
2025-07-15 15:37:32,090 [INFO] PluginManager:220 - loadIPPluginJar : add quadspi
2025-07-15 15:37:32,091 [INFO] IPUIPlugin:80 - create IPUIPlugin
2025-07-15 15:37:32,092 [INFO] PluginManager:220 - loadIPPluginJar : add aes
2025-07-15 15:37:32,094 [INFO] IPUIPlugin:80 - create IPUIPlugin
2025-07-15 15:37:32,094 [INFO] PluginManager:220 - loadIPPluginJar : add pdm2pcm
2025-07-15 15:37:32,095 [INFO] IPUIPlugin:80 - create IPUIPlugin
2025-07-15 15:37:32,095 [INFO] PluginManager:220 - loadIPPluginJar : add hash
2025-07-15 15:37:32,097 [INFO] IPUIPlugin:80 - create IPUIPlugin
2025-07-15 15:37:32,097 [INFO] PluginManager:220 - loadIPPluginJar : add tim
2025-07-15 15:37:32,098 [INFO] IPUIPlugin:80 - create IPUIPlugin
2025-07-15 15:37:32,098 [INFO] PluginManager:220 - loadIPPluginJar : add tsc
2025-07-15 15:37:32,101 [INFO] IPUIPlugin:80 - create IPUIPlugin
2025-07-15 15:37:32,101 [INFO] PluginManager:220 - loadIPPluginJar : add extmemmanager
2025-07-15 15:37:32,105 [INFO] IPUIPlugin:80 - create IPUIPlugin
2025-07-15 15:37:32,106 [INFO] PluginManager:220 - loadIPPluginJar : add ts
2025-07-15 15:37:32,109 [INFO] IPUIPlugin:80 - create IPUIPlugin
2025-07-15 15:37:32,110 [INFO] PluginManager:220 - loadIPPluginJar : add radio
2025-07-15 15:37:32,113 [INFO] IPUIPlugin:80 - create IPUIPlugin
2025-07-15 15:37:32,113 [INFO] PluginManager:220 - loadIPPluginJar : add can
2025-07-15 15:37:32,115 [INFO] IPUIPlugin:80 - create IPUIPlugin
2025-07-15 15:37:32,115 [INFO] PluginManager:220 - loadIPPluginJar : add dma3
2025-07-15 15:37:32,116 [INFO] IPUIPlugin:80 - create IPUIPlugin
2025-07-15 15:37:32,116 [INFO] PluginManager:220 - loadIPPluginJar : add dfsdm
2025-07-15 15:37:32,118 [INFO] IPUIPlugin:80 - create IPUIPlugin
2025-07-15 15:37:32,118 [INFO] PluginManager:220 - loadIPPluginJar : add spi
2025-07-15 15:37:32,120 [INFO] IPUIPlugin:80 - create IPUIPlugin
2025-07-15 15:37:32,120 [INFO] PluginManager:220 - loadIPPluginJar : add gfxmmu
2025-07-15 15:37:32,121 [INFO] IPUIPlugin:80 - create IPUIPlugin
2025-07-15 15:37:32,121 [INFO] PluginManager:220 - loadIPPluginJar : add genericplugin
2025-07-15 15:37:32,123 [INFO] IPUIPlugin:80 - create IPUIPlugin
2025-07-15 15:37:32,123 [INFO] PluginManager:220 - loadIPPluginJar : add cryp
2025-07-15 15:37:32,126 [INFO] IPUIPlugin:80 - create IPUIPlugin
2025-07-15 15:37:32,126 [INFO] PluginManager:220 - loadIPPluginJar : add gpio
2025-07-15 15:37:32,128 [INFO] IPUIPlugin:80 - create IPUIPlugin
2025-07-15 15:37:32,128 [INFO] PluginManager:220 - loadIPPluginJar : add ddr_ctrl_phy
2025-07-15 15:37:32,131 [INFO] IPUIPlugin:80 - create IPUIPlugin
2025-07-15 15:37:32,131 [INFO] PluginManager:220 - loadIPPluginJar : add comp
2025-07-15 15:37:32,134 [INFO] IPUIPlugin:80 - create IPUIPlugin
2025-07-15 15:37:32,136 [INFO] PluginManager:220 - loadIPPluginJar : add tracer_emb
2025-07-15 15:37:32,139 [INFO] IPUIPlugin:80 - create IPUIPlugin
2025-07-15 15:37:32,139 [INFO] PluginManager:220 - loadIPPluginJar : add openamp
2025-07-15 15:37:32,143 [INFO] IPUIPlugin:80 - create IPUIPlugin
2025-07-15 15:37:32,144 [INFO] PluginManager:220 - loadIPPluginJar : add stm32_wpan
2025-07-15 15:37:32,148 [INFO] IPUIPlugin:80 - create IPUIPlugin
2025-07-15 15:37:32,187 [INFO] PluginManager:220 - loadIPPluginJar : add plateformsettings
2025-07-15 15:37:32,191 [INFO] IPUIPlugin:80 - create IPUIPlugin
2025-07-15 15:37:32,192 [INFO] PluginManager:220 - loadIPPluginJar : add ipddr
2025-07-15 15:37:32,195 [INFO] IPUIPlugin:80 - create IPUIPlugin
2025-07-15 15:37:32,195 [INFO] PluginManager:220 - loadIPPluginJar : add usart
2025-07-15 15:37:32,196 [INFO] IPUIPlugin:80 - create IPUIPlugin
2025-07-15 15:37:32,196 [INFO] PluginManager:220 - loadIPPluginJar : add ltdc
2025-07-15 15:37:32,198 [INFO] IPUIPlugin:80 - create IPUIPlugin
2025-07-15 15:37:32,198 [INFO] PluginManager:220 - loadIPPluginJar : add nvic
2025-07-15 15:37:32,199 [INFO] IPUIPlugin:80 - create IPUIPlugin
2025-07-15 15:37:32,199 [INFO] PluginManager:220 - loadIPPluginJar : add fatfs
2025-07-15 15:37:32,204 [INFO] IPUIPlugin:80 - create IPUIPlugin
2025-07-15 15:37:32,204 [INFO] PluginManager:220 - loadIPPluginJar : add linkedlist
2025-07-15 15:37:32,208 [INFO] IPUIPlugin:80 - create IPUIPlugin
2025-07-15 15:37:32,208 [INFO] PluginManager:220 - loadIPPluginJar : add dma
2025-07-15 15:37:32,211 [INFO] IPUIPlugin:80 - create IPUIPlugin
2025-07-15 15:37:32,212 [INFO] PluginManager:220 - loadIPPluginJar : add fmc
2025-07-15 15:37:32,214 [INFO] IPUIPlugin:80 - create IPUIPlugin
2025-07-15 15:37:32,214 [INFO] PluginManager:220 - loadIPPluginJar : add i2s
2025-07-15 15:37:32,215 [INFO] IPUIPlugin:80 - create IPUIPlugin
2025-07-15 15:37:32,215 [INFO] PluginManager:220 - loadIPPluginJar : add ucpd
2025-07-15 15:37:32,217 [INFO] IPUIPlugin:80 - create IPUIPlugin
2025-07-15 15:37:32,217 [INFO] PluginManager:220 - loadIPPluginJar : add lorawan
2025-07-15 15:37:32,220 [INFO] IPUIPlugin:80 - create IPUIPlugin
2025-07-15 15:37:32,220 [INFO] PluginManager:220 - loadIPPluginJar : add opamp
2025-07-15 15:37:32,221 [INFO] IPUIPlugin:80 - create IPUIPlugin
2025-07-15 15:37:32,221 [INFO] PluginManager:220 - loadIPPluginJar : add i3c
2025-07-15 15:37:32,223 [INFO] IPUIPlugin:80 - create IPUIPlugin
2025-07-15 15:37:32,224 [INFO] PluginManager:220 - loadIPPluginJar : add touchsensing
2025-07-15 15:37:32,226 [INFO] IPUIPlugin:80 - create IPUIPlugin
2025-07-15 15:37:32,226 [INFO] PluginManager:220 - loadIPPluginJar : add i2c
2025-07-15 15:37:32,229 [INFO] IPUIPlugin:80 - create IPUIPlugin
2025-07-15 15:37:32,229 [INFO] PluginManager:220 - loadIPPluginJar : add resmgrutility
2025-07-15 15:37:32,231 [INFO] IPUIPlugin:80 - create IPUIPlugin
2025-07-15 15:37:32,231 [INFO] PluginManager:220 - loadIPPluginJar : add sai
2025-07-15 15:37:32,234 [INFO] IPUIPlugin:80 - create IPUIPlugin
2025-07-15 15:37:32,234 [INFO] PluginManager:220 - loadIPPluginJar : add usbx
2025-07-15 15:37:32,405 [FATAL] Updater:351 - Updater called before beeing initialized
2025-07-15 15:37:32,546 [INFO] RulesReader:64 - Compatibility file has been processed (317 Rules)
2025-07-15 15:37:32,578 [INFO] RulesReader:64 - Compatibility file has been processed (317 Rules)
2025-07-15 15:37:32,604 [INFO] CADModel:165 - CPN selected for project level
2025-07-15 15:37:32,604 [INFO] CADModel:114 - Register for checkConnection events
2025-07-15 15:37:32,604 [FATAL] Updater:351 - Updater called before beeing initialized
2025-07-15 15:37:32,604 [ERROR] CADModel:125 - Updater not yet initialized, retry later 
2025-07-15 15:37:32,933 [FATAL] Updater:351 - Updater called before beeing initialized
2025-07-15 15:37:32,935 [INFO] CADModel:165 - CPN selected for project level
2025-07-15 15:37:32,935 [INFO] CADModel:114 - Register for checkConnection events
2025-07-15 15:37:32,935 [FATAL] Updater:351 - Updater called before beeing initialized
2025-07-15 15:37:32,935 [ERROR] CADModel:125 - Updater not yet initialized, retry later 
2025-07-15 15:37:32,941 [FATAL] Updater:351 - Updater called before beeing initialized
2025-07-15 15:37:33,140 [FATAL] Updater:351 - Updater called before beeing initialized
2025-07-15 15:37:33,148 [INFO] DbMcusAds:53 - JSON generation date=Tue Jul 08 10:14:27 CEST 2025 (1751962467633)
2025-07-15 15:37:33,149 [FATAL] Updater:351 - Updater called before beeing initialized
2025-07-15 15:37:33,555 [INFO] ThirdPartyUpdaterWithRetryManager:70 - Updater plugin not ready yet. [2/15]
2025-07-15 15:37:34,084 [WARN] DetailPanel:346 - Failed to get advertising image, set to default
2025-07-15 15:37:34,183 [FATAL] Updater:351 - Updater called before beeing initialized
2025-07-15 15:37:34,186 [FATAL] Updater:351 - Updater called before beeing initialized
2025-07-15 15:37:34,187 [FATAL] Updater:351 - Updater called before beeing initialized
2025-07-15 15:37:34,188 [WARN] DetailPanel:346 - Failed to get advertising image, set to default
2025-07-15 15:37:34,192 [FATAL] Updater:351 - Updater called before beeing initialized
2025-07-15 15:37:34,267 [ERROR] Updater:1198 - MainUpdater not yet initialized. External WinMGr cannot be set.
2025-07-15 15:37:34,279 [INFO] Updater:1134 - Updater Version found : 6.15.0
2025-07-15 15:37:34,297 [INFO] ApplicationProperties:184 - Using Application install path: /Applications/STM32CubeIDE.app/Contents/Eclipse/plugins/com.st.stm32cube.common.mx_6.15.0.202507011659
2025-07-15 15:37:34,384 [INFO] MainUpdater:525 - Copy updater definitions from MX database
2025-07-15 15:37:34,943 [INFO] MainUpdater:2872 - connection check result : 10
2025-07-15 15:37:34,943 [INFO] MainUpdater:3604 - Updater definition file requires update
2025-07-15 15:37:34,944 [INFO] MainUpdater:289 - Updater Check For Update Now.
2025-07-15 15:37:34,944 [INFO] MicroXplorer:498 - Change Database Version : DB.6.0.150
2025-07-15 15:37:34,955 [INFO] McuFinderGlobals:63 - Set McuFinder mode to 2 (CubeIDE integrated)
2025-07-15 15:37:34,957 [INFO] UserAuth:487 - Internet connection configuration mode: 1
2025-07-15 15:37:34,977 [INFO] JxBrowserEngine:152 - Initiate JxBrowser Engine with user profile folder
2025-07-15 15:37:35,301 [INFO] ServerAccessManage:452 - Complete download http(s) 200
2025-07-15 15:37:35,306 [INFO] ServerAccessManage:509 - Download File updaters.zip
2025-07-15 15:37:35,497 [INFO] FileExtend:248 - Unzip File : updaters.zip
2025-07-15 15:37:35,498 [INFO] FileExtend:263 - Standard Zip Deflate
2025-07-15 15:37:35,815 [INFO] ServerAccessManage:452 - Complete download http(s) 200
2025-07-15 15:37:35,816 [INFO] ServerAccessManage:509 - Download File PacksControlFlags.xml
2025-07-15 15:37:36,296 [INFO] ServerAccessManage:452 - Complete download http(s) 200
2025-07-15 15:37:36,306 [INFO] ServerAccessManage:509 - Download File cubemx.pidx
2025-07-15 15:37:36,554 [INFO] LoadServerUpdatesThread:375 - End of LoadServerUpdate Thread
2025-07-15 15:37:36,561 [WARN] MainUpdater:1193 - Updater busy. Cannot search thirdparties
2025-07-15 15:37:36,562 [INFO] ThirdPartyUpdaterWithRetryManager:96 - Updater plugin is busy. [1/15]
2025-07-15 15:37:36,743 [INFO] CheckServerUpdateThread:120 - End of CheckServer Thread
2025-07-15 15:37:39,790 [WARN] PackLoader:240 - Cannot read IP mode file for STMicroelectronics.FP-SNS-MOTENVWB1.1.4.0
2025-07-15 15:37:39,819 [WARN] PackLoader:240 - Cannot read IP mode file for STMicroelectronics.X-CUBE-SMBUS.2.1.0
2025-07-15 15:37:39,833 [WARN] PackLoader:240 - Cannot read IP mode file for STMicroelectronics.X-CUBE-WB05N.1.1.0
2025-07-15 15:37:39,840 [WARN] PackLoader:240 - Cannot read IP mode file for STMicroelectronics.X-CUBE-ST60.1.0.0
2025-07-15 15:37:39,884 [WARN] PackLoader:240 - Cannot read IP mode file for STMicroelectronics.X-CUBE-AZRTOS-F7.1.1.0
2025-07-15 15:37:39,966 [WARN] PackLoader:240 - Cannot read IP mode file for Infineon.AIROC-Wi-Fi-Bluetooth-STM32.1.7.0
2025-07-15 15:37:40,045 [WARN] PackLoader:240 - Cannot read IP mode file for STMicroelectronics.X-CUBE-AZRTOS-H7.3.4.0
2025-07-15 15:37:40,079 [WARN] PackLoader:240 - Cannot read IP mode file for STMicroelectronics.X-CUBE-DISPLAY.3.0.0
2025-07-15 15:37:40,109 [WARN] PackLoader:240 - Cannot read IP mode file for STMicroelectronics.X-CUBE-NFC10.1.0.0
2025-07-15 15:37:40,127 [WARN] PackLoader:240 - Cannot read IP mode file for emotas.I-CUBE-CANOPEN.1.3.0
2025-07-15 15:37:40,134 [WARN] ConditionMgr:438 - getConditionDescription Invalid condition id : Cortex-A Device cause : null
2025-07-15 15:37:40,158 [WARN] ConditionMgr:1044 - genDependencies : Invalid condition id : Cortex-A Device cause : null
2025-07-15 15:37:40,159 [WARN] ConditionMgr:1044 - genDependencies : Invalid condition id : Cortex-A Device cause : null
2025-07-15 15:37:40,159 [WARN] ConditionMgr:1044 - genDependencies : Invalid condition id : Cortex-A Device cause : null
2025-07-15 15:37:40,166 [WARN] PackLoader:240 - Cannot read IP mode file for STMicroelectronics.X-CUBE-AI.10.0.0
2025-07-15 15:37:40,173 [WARN] PackLoader:240 - Cannot read IP mode file for STMicroelectronics.FP-SNS-SMARTAG2.1.2.0
2025-07-15 15:37:40,279 [WARN] PackLoader:240 - Cannot read IP mode file for STMicroelectronics.X-CUBE-MEMS1.11.1.0
2025-07-15 15:37:40,419 [INFO] LogOutputStream:77 - [STDOUT_REDIRECT] 1 : Invalid condition id : UX_CORESTACK_Condition cause : null
2025-07-15 15:37:40,421 [INFO] LogOutputStream:77 - [STDOUT_REDIRECT] 1 : Invalid condition id : UX_CORESTACK_Condition cause : null
2025-07-15 15:37:40,422 [INFO] LogOutputStream:77 - [STDOUT_REDIRECT] 1 : Invalid condition id : UX_CORESTACK_Condition cause : null
2025-07-15 15:37:40,422 [INFO] LogOutputStream:77 - [STDOUT_REDIRECT] 1 : Invalid condition id : UX_CORESTACK_Condition cause : null
2025-07-15 15:37:40,423 [INFO] LogOutputStream:77 - [STDOUT_REDIRECT] 1 : Invalid condition id : UX_CORESTACK_Condition cause : null
2025-07-15 15:37:40,429 [WARN] PackLoader:240 - Cannot read IP mode file for STMicroelectronics.X-CUBE-AZRTOS-WL.2.0.0
2025-07-15 15:37:40,440 [WARN] PackLoader:240 - Cannot read IP mode file for STMicroelectronics.FP-SNS-MOTENV1.5.0.0
2025-07-15 15:37:40,452 [WARN] PackLoader:240 - Cannot read IP mode file for WES.I-CUBE-Cesium.1.3.0
2025-07-15 15:37:40,464 [WARN] PackLoader:240 - Cannot read IP mode file for STMicroelectronics.X-CUBE-BLE2.3.3.0
2025-07-15 15:37:40,479 [WARN] PackLoader:240 - Cannot read IP mode file for STMicroelectronics.X-CUBE-NFC9.1.0.0
2025-07-15 15:37:40,489 [WARN] PackLoader:240 - Cannot read IP mode file for STMicroelectronics.X-CUBE-EEPRMA1.5.2.0
2025-07-15 15:37:40,494 [WARN] PackLoader:240 - Cannot read IP mode file for STMicroelectronics.X-CUBE-AI.10.1.0
2025-07-15 15:37:40,566 [WARN] PackLoader:240 - Cannot read IP mode file for STMicroelectronics.X-CUBE-MEMS1.11.2.0
2025-07-15 15:37:40,686 [WARN] PackLoader:240 - Cannot read IP mode file for STMicroelectronics.X-CUBE-AZRTOS-G0.1.1.0
2025-07-15 15:37:40,704 [WARN] PackLoader:240 - Cannot read IP mode file for STMicroelectronics.X-CUBE-SAFEA1.1.2.2
2025-07-15 15:37:40,712 [WARN] PackLoader:240 - Cannot read IP mode file for STMicroelectronics.X-CUBE-NFC4.3.0.0
2025-07-15 15:37:40,726 [WARN] PackLoader:240 - Cannot read IP mode file for EmbeddedOffice.I-CUBE-FS-RTOS.1.0.1
2025-07-15 15:37:40,736 [WARN] PackLoader:240 - Cannot read IP mode file for STMicroelectronics.X-CUBE-WB05N.2.0.0
2025-07-15 15:37:40,749 [WARN] PackLoader:240 - Cannot read IP mode file for RealThread.X-CUBE-RT-Thread_Nano.4.1.1
2025-07-15 15:37:40,753 [WARN] PackLoader:240 - Cannot read IP mode file for STMicroelectronics.FP-ATR-SIGFOX1.3.2.0
2025-07-15 15:37:40,758 [WARN] PackLoader:240 - Cannot read IP mode file for STMicroelectronics.X-CUBE-EEPRMA1.5.1.0
2025-07-15 15:37:40,765 [WARN] PackLoader:240 - Cannot read IP mode file for ITTIA_DB.I-CUBE-ITTIADB.8.9.0
2025-07-15 15:37:40,773 [WARN] PackLoader:240 - Cannot read IP mode file for STMicroelectronics.X-CUBE-ST67W61.1.0.0
2025-07-15 15:37:40,831 [WARN] PackLoader:240 - Cannot read IP mode file for SEGGER.I-CUBE-embOS.1.3.1
2025-07-15 15:37:40,906 [WARN] PackLoader:240 - Cannot read IP mode file for STMicroelectronics.X-CUBE-ALGOBUILD.1.4.0
2025-07-15 15:37:40,985 [WARN] PackLoader:240 - Cannot read IP mode file for STMicroelectronics.X-CUBE-MEMS1.11.3.0
2025-07-15 15:37:41,083 [WARN] PackLoader:240 - Cannot read IP mode file for STMicroelectronics.X-CUBE-PM33A1.1.0.0
2025-07-15 15:37:41,103 [WARN] PackLoader:240 - Cannot read IP mode file for STMicroelectronics.X-CUBE-AZRTOS-F4.1.1.0
2025-07-15 15:37:41,111 [WARN] PackLoader:240 - Cannot read IP mode file for Avnet-IotConnect.X-CUBE-IoTC-DA16k-PMOD.1.0.0
2025-07-15 15:37:41,114 [WARN] PackLoader:240 - Cannot read IP mode file for STMicroelectronics.X-CUBE-ISPU.2.1.0
2025-07-15 15:37:41,122 [WARN] PackLoader:240 - Cannot read IP mode file for STMicroelectronics.X-CUBE-NFC12.1.0.0
2025-07-15 15:37:41,148 [WARN] PackLoader:240 - Cannot read IP mode file for STMicroelectronics.X-CUBE-AZRTOS-L5.2.0.0
2025-07-15 15:37:41,162 [WARN] PackLoader:240 - Cannot read IP mode file for STMicroelectronics.X-CUBE-NFC6.3.1.0
2025-07-15 15:37:41,181 [WARN] PackLoader:240 - Cannot read IP mode file for STMicroelectronics.X-CUBE-FREERTOS.1.3.1
2025-07-15 15:37:41,187 [WARN] PackLoader:240 - Cannot read IP mode file for STMicroelectronics.X-CUBE-FREERTOS.1.3.0
2025-07-15 15:37:41,197 [WARN] PackLoader:240 - Cannot read IP mode file for STMicroelectronics.X-CUBE-NFC7.1.0.1
2025-07-15 15:37:41,204 [WARN] PackLoader:240 - Cannot read IP mode file for STMicroelectronics.FP-SNS-STAIOTCFT.1.0.0
2025-07-15 15:37:41,225 [WARN] ConditionMgr:438 - getConditionDescription Invalid condition id : LAN8742 Phy interface Condition cause : null
2025-07-15 15:37:41,227 [WARN] PackLoader:240 - Cannot read IP mode file for STMicroelectronics.X-CUBE-AZRTOS-L4.2.0.0
2025-07-15 15:37:41,230 [WARN] ConditionMgr:1044 - genDependencies : Invalid condition id : LAN8742 Phy interface Condition cause : null
2025-07-15 15:37:41,231 [WARN] ConditionMgr:1044 - genDependencies : Invalid condition id : LAN8742 Phy interface Condition cause : null
2025-07-15 15:37:41,232 [WARN] ConditionMgr:1044 - genDependencies : Invalid condition id : LAN8742 Phy interface Condition cause : null
2025-07-15 15:37:41,245 [WARN] PackLoader:240 - Cannot read IP mode file for STMicroelectronics.X-CUBE-SFXS2LP1.4.0.0
2025-07-15 15:37:41,275 [WARN] PackLoader:240 - Cannot read IP mode file for STMicroelectronics.X-CUBE-AZRTOS-H7.3.3.0
2025-07-15 15:37:41,296 [WARN] ConditionMgr:438 - getConditionDescription Invalid condition id : UX DEVICE CLASS RTOS Condition cause : null
2025-07-15 15:37:41,296 [WARN] ConditionMgr:438 - getConditionDescription Invalid condition id : UX DEVICE CLASS RTOS Condition cause : null
2025-07-15 15:37:41,301 [WARN] PackLoader:240 - Cannot read IP mode file for STMicroelectronics.X-CUBE-AZRTOS-WB.2.0.0
2025-07-15 15:37:41,302 [WARN] ConditionMgr:1044 - genDependencies : Invalid condition id : UX DEVICE CLASS RTOS Condition cause : null
2025-07-15 15:37:41,303 [WARN] ConditionMgr:1044 - genDependencies : Invalid condition id : UX DEVICE CLASS RTOS Condition cause : null
2025-07-15 15:37:41,303 [WARN] ConditionMgr:1044 - genDependencies : Invalid condition id : UX DEVICE CLASS RTOS Condition cause : null
2025-07-15 15:37:41,304 [WARN] ConditionMgr:1044 - genDependencies : Invalid condition id : UX DEVICE CLASS RTOS Condition cause : null
2025-07-15 15:37:41,304 [WARN] ConditionMgr:1044 - genDependencies : Invalid condition id : UX DEVICE CLASS RTOS Condition cause : null
2025-07-15 15:37:41,312 [WARN] PackLoader:240 - Cannot read IP mode file for STMicroelectronics.FP-SNS-STBOX1.2.0.0
2025-07-15 15:37:41,329 [WARN] PackLoader:240 - Cannot read IP mode file for STMicroelectronics.X-CUBE-SUBG2.5.0.0
2025-07-15 15:37:41,338 [WARN] PackLoader:240 - Cannot read IP mode file for Cesanta.I-CUBE-Mongoose.7.13.0
2025-07-15 15:37:41,358 [WARN] PackLoader:240 - Cannot read IP mode file for STMicroelectronics.X-CUBE-AZRTOS-G4.2.0.0
2025-07-15 15:37:41,371 [WARN] PackLoader:240 - Cannot read IP mode file for STMicroelectronics.X-CUBE-NFC7.2.0.0
2025-07-15 15:37:41,375 [WARN] PackLoader:240 - Cannot read IP mode file for STMicroelectronics.X-CUBE-ALS.1.0.2
2025-07-15 15:37:41,380 [WARN] PackLoader:240 - Cannot read IP mode file for portGmbH.I-Cube-SoM-uGOAL.1.1.0
2025-07-15 15:37:41,393 [WARN] PackLoader:240 - Cannot read IP mode file for STMicroelectronics.X-CUBE-TOF1.3.4.2
2025-07-15 15:37:41,420 [WARN] PackLoader:240 - Cannot read IP mode file for STMicroelectronics.X-CUBE-TOF1.3.4.3
2025-07-15 15:37:41,433 [INFO] ThirdParty:978 - Integrity check success = true
2025-07-15 15:37:41,433 [INFO] IntegrityCheckThread:100 - exiting critical section [integrity check]
2025-07-15 15:37:41,433 [INFO] IntegrityCheckThread:103 - End integrity checks thread
2025-07-15 15:38:07,088 [ERROR] LogOutputStream:75 - [STDERR_REDIRECT] 
2025-07-15 15:38:30,649 [INFO] Activator:176 - 


2025-07-15 15:38:30,651 [INFO] Activator:177 - !SESSION log4j initialized
2025-07-15 15:38:32,808 [INFO] LogOutputStream:77 - [STDOUT_REDIRECT] 
2025-07-15 15:38:36,333 [ERROR] LogOutputStream:75 - [STDERR_REDIRECT] 
2025-07-15 15:38:38,322 [INFO] LogOutputStream:77 - [STDOUT_REDIRECT] 
2025-07-15 15:38:38,811 [ERROR] LogOutputStream:75 - [STDERR_REDIRECT] java.net.URISyntaxException: Illegal character in path at index 65: file:/Users/umbertofrancescocarolini/Desktop/Università/Materiale Magistrale/Embedded Control/self-balancing-robot/.metadata/.log4j2.xml
2025-07-15 15:38:38,812 [ERROR] LogOutputStream:75 - [STDERR_REDIRECT] 	at java.base/java.net.URI$Parser.fail(URI.java:2995)
2025-07-15 15:38:38,812 [ERROR] LogOutputStream:75 - [STDERR_REDIRECT] 	at java.base/java.net.URI$Parser.checkChars(URI.java:3166)
2025-07-15 15:38:38,813 [ERROR] LogOutputStream:75 - [STDERR_REDIRECT] 	at java.base/java.net.URI$Parser.parseHierarchical(URI.java:3248)
2025-07-15 15:38:38,816 [ERROR] LogOutputStream:75 - [STDERR_REDIRECT] 	at java.base/java.net.URI$Parser.parse(URI.java:3196)
2025-07-15 15:38:38,816 [ERROR] LogOutputStream:75 - [STDERR_REDIRECT] 	at java.base/java.net.URI.<init>(URI.java:645)
2025-07-15 15:38:38,816 [ERROR] LogOutputStream:75 - [STDERR_REDIRECT] 	at java.base/java.net.URL.toURI(URL.java:1220)
2025-07-15 15:38:38,817 [ERROR] LogOutputStream:75 - [STDERR_REDIRECT] 	at com.st.stm32cube.common.mx.core.CubeMxInstance.getInstance(CubeMxInstance.java:81)
2025-07-15 15:38:38,817 [ERROR] LogOutputStream:75 - [STDERR_REDIRECT] 	at com.st.stm32cube.common.mx.userauth.UserAuthAdapter.<init>(UserAuthAdapter.java:25)
2025-07-15 15:38:38,821 [ERROR] LogOutputStream:75 - [STDERR_REDIRECT] 	at com.st.stm32cube.common.mx.userauth.UserAuthProvider.getUserAuthAdapter(UserAuthProvider.java:16)
2025-07-15 15:38:38,822 [ERROR] LogOutputStream:75 - [STDERR_REDIRECT] 	at com.st.stm32cube.common.ecosystemintegration.ui.core.MCUEcoSystemIntegrationUiHelper.getUserAuth(MCUEcoSystemIntegrationUiHelper.java:100)
2025-07-15 15:38:38,822 [ERROR] LogOutputStream:75 - [STDERR_REDIRECT] 	at com.st.stm32cube.ide.mcu.userauth.UserAuthStartup.earlyStartup(UserAuthStartup.java:32)
2025-07-15 15:38:38,822 [ERROR] LogOutputStream:75 - [STDERR_REDIRECT] 	at org.eclipse.ui.internal.EarlyStartupRunnable.runEarlyStartup(EarlyStartupRunnable.java:79)
2025-07-15 15:38:38,822 [ERROR] LogOutputStream:75 - [STDERR_REDIRECT] 	at org.eclipse.ui.internal.EarlyStartupRunnable.run(EarlyStartupRunnable.java:55)
2025-07-15 15:38:38,822 [ERROR] LogOutputStream:75 - [STDERR_REDIRECT] 	at org.eclipse.core.runtime.SafeRunner.run(SafeRunner.java:47)
2025-07-15 15:38:38,823 [ERROR] LogOutputStream:75 - [STDERR_REDIRECT] 	at org.eclipse.ui.internal.Workbench$39.run(Workbench.java:2733)
2025-07-15 15:38:38,823 [ERROR] LogOutputStream:75 - [STDERR_REDIRECT] 	at org.eclipse.core.internal.jobs.Worker.run(Worker.java:63)
2025-07-15 15:38:38,996 [INFO] ApplicationProperties:184 - Using Application install path: /Applications/STM32CubeIDE.app/Contents/Eclipse/plugins/com.st.stm32cube.common.mx_6.15.0.202507011659
2025-07-15 15:38:39,010 [INFO] DbMcusXml:78 - Set database path to: /Applications/STM32CubeIDE.app/Contents/Eclipse/plugins/com.st.stm32cube.common.mx_6.15.0.202507011659//db//mcu/
2025-07-15 15:38:39,010 [INFO] ApiDb:274 - Set plugin database path to: /Applications/STM32CubeIDE.app/Contents/Eclipse/plugins/com.st.stm32cube.common.mx_6.15.0.202507011659//db//plugins/boardmanager/
2025-07-15 15:38:39,010 [WARN] ApiDb:259 - Overriding images path with different value:  => /Applications/STM32CubeIDE.app/Contents/Eclipse/plugins/com.st.stm32cube.common.mx_6.15.0.202507011659//db//plugins/mcufinder/images/
2025-07-15 15:38:39,016 [INFO] ApiDb:250 - Set database path to: /Users/umbertofrancescocarolini/.stmcufinder/plugins/mcufinder//mcu/
2025-07-15 15:38:39,017 [INFO] DbMcusAds:125 - Set database path to: /Users/umbertofrancescocarolini/.stmcufinder/plugins/mcufinder//mcu/
2025-07-15 15:38:39,019 [INFO] CrossReferenceDbSqlite:203 - Set database path to: /Users/umbertofrancescocarolini/.stmcufinder/plugins/mcufinder//mcu/cs/
2025-07-15 15:38:39,184 [INFO] RulesReader:64 - Compatibility file has been processed (317 Rules)
2025-07-15 15:38:39,240 [INFO] DbMcusXml:78 - Set database path to: /Applications/STM32CubeIDE.app/Contents/Eclipse/plugins/com.st.stm32cube.common.mx_6.15.0.202507011659//db//mcu/
2025-07-15 15:38:39,241 [INFO] ApiDb:274 - Set plugin database path to: /Applications/STM32CubeIDE.app/Contents/Eclipse/plugins/com.st.stm32cube.common.mx_6.15.0.202507011659//db//plugins/boardmanager/
2025-07-15 15:38:39,241 [INFO] ApiDb:261 - Set plugin images path to: /Applications/STM32CubeIDE.app/Contents/Eclipse/plugins/com.st.stm32cube.common.mx_6.15.0.202507011659//db//plugins/mcufinder/images/
2025-07-15 15:38:39,241 [WARN] DbFile:41 - Overriding database path with different value: /Users/umbertofrancescocarolini/.stmcufinder/plugins/mcufinder/ => /Users/umbertofrancescocarolini/.stmcufinder/plugins/mcufinder
2025-07-15 15:38:39,241 [INFO] ApiDb:250 - Set database path to: /Users/umbertofrancescocarolini/.stmcufinder/plugins/mcufinder//mcu/
2025-07-15 15:38:39,241 [WARN] DbFile:41 - Overriding database path with different value: /Users/umbertofrancescocarolini/.stmcufinder/plugins/mcufinder/ => /Users/umbertofrancescocarolini/.stmcufinder/plugins/mcufinder
2025-07-15 15:38:39,241 [INFO] DbMcusAds:125 - Set database path to: /Users/umbertofrancescocarolini/.stmcufinder/plugins/mcufinder//mcu/
2025-07-15 15:38:39,242 [WARN] DbFile:41 - Overriding database path with different value: /Users/umbertofrancescocarolini/.stmcufinder/plugins/mcufinder/ => /Users/umbertofrancescocarolini/.stmcufinder/plugins/mcufinder
2025-07-15 15:38:39,242 [WARN] DbFile:41 - Overriding database path with different value: /Users/umbertofrancescocarolini/.stmcufinder/plugins/mcufinder/ => /Users/umbertofrancescocarolini/.stmcufinder/plugins/mcufinder
2025-07-15 15:38:39,242 [INFO] CrossReferenceDbSqlite:203 - Set database path to: /Users/umbertofrancescocarolini/.stmcufinder/plugins/mcufinder//mcu/cs/
2025-07-15 15:38:39,321 [INFO] MainPanel:274 - HeapMemory: 268435456
2025-07-15 15:38:39,853 [INFO] DbMcusXml:78 - Set database path to: /Applications/STM32CubeIDE.app/Contents/Eclipse/plugins/com.st.stm32cube.common.mx_6.15.0.202507011659//db//mcu/
2025-07-15 15:38:39,857 [INFO] ApiDb:274 - Set plugin database path to: /Applications/STM32CubeIDE.app/Contents/Eclipse/plugins/com.st.stm32cube.common.mx_6.15.0.202507011659//db//plugins/boardmanager/
2025-07-15 15:38:39,863 [INFO] ApiDb:261 - Set plugin images path to: /Applications/STM32CubeIDE.app/Contents/Eclipse/plugins/com.st.stm32cube.common.mx_6.15.0.202507011659//db//plugins/mcufinder/images/
2025-07-15 15:38:39,863 [WARN] DbFile:41 - Overriding database path with different value: /Users/umbertofrancescocarolini/.stmcufinder/plugins/mcufinder/ => /Users/umbertofrancescocarolini/.stmcufinder/plugins/mcufinder
2025-07-15 15:38:39,863 [INFO] ApiDb:250 - Set database path to: /Users/umbertofrancescocarolini/.stmcufinder/plugins/mcufinder//mcu/
2025-07-15 15:38:39,863 [WARN] DbFile:41 - Overriding database path with different value: /Users/umbertofrancescocarolini/.stmcufinder/plugins/mcufinder/ => /Users/umbertofrancescocarolini/.stmcufinder/plugins/mcufinder
2025-07-15 15:38:39,864 [INFO] DbMcusAds:125 - Set database path to: /Users/umbertofrancescocarolini/.stmcufinder/plugins/mcufinder//mcu/
2025-07-15 15:38:39,864 [WARN] DbFile:41 - Overriding database path with different value: /Users/umbertofrancescocarolini/.stmcufinder/plugins/mcufinder/ => /Users/umbertofrancescocarolini/.stmcufinder/plugins/mcufinder
2025-07-15 15:38:39,864 [WARN] DbFile:41 - Overriding database path with different value: /Users/umbertofrancescocarolini/.stmcufinder/plugins/mcufinder/ => /Users/umbertofrancescocarolini/.stmcufinder/plugins/mcufinder
2025-07-15 15:38:39,864 [INFO] CrossReferenceDbSqlite:203 - Set database path to: /Users/umbertofrancescocarolini/.stmcufinder/plugins/mcufinder//mcu/cs/
2025-07-15 15:38:39,919 [INFO] ApplicationProperties:184 - Using Application install path: /Applications/STM32CubeIDE.app/Contents/Eclipse/plugins/com.st.stm32cube.common.mx_6.15.0.202507011659
2025-07-15 15:38:39,921 [INFO] PluginManage:196 - Search for loadable plugins [exclusion list=, ]
2025-07-15 15:38:39,925 [INFO] PluginManage:310 - Check plugin analytics
2025-07-15 15:38:40,315 [INFO] AnalyticsPlugin:253 - Accepted Software Licenses: STM32CubeMX.6.14.0
2025-07-15 15:38:40,316 [INFO] AnalyticsPlugin:255 - Accepted CMSIS Pack Licenses: 
2025-07-15 15:38:40,316 [INFO] AnalyticsPlugin:257 - Accepted Firmware Licenses: FW.F4.1.28.0
2025-07-15 15:38:40,327 [INFO] PluginManage:359 - Loaded plugin analytics (category:tool,tabindex:-1)
2025-07-15 15:38:40,334 [INFO] PluginManage:310 - Check plugin cadmodel
2025-07-15 15:38:40,351 [INFO] CADModel:105 - Init CAD model plugin
2025-07-15 15:38:40,351 [INFO] PluginManage:359 - Loaded plugin cadmodel (category:power,tabindex:5)
2025-07-15 15:38:40,352 [INFO] PluginManage:310 - Check plugin clock
2025-07-15 15:38:40,362 [INFO] PluginManage:359 - Loaded plugin clock (category:base,tabindex:2)
2025-07-15 15:38:40,363 [INFO] PluginManage:310 - Check plugin ddr
2025-07-15 15:38:40,365 [INFO] PluginManage:359 - Loaded plugin ddr (category:tool,tabindex:6)
2025-07-15 15:38:40,365 [INFO] PluginManage:310 - Check plugin filemanager
2025-07-15 15:38:40,565 [INFO] PluginManage:359 - Loaded plugin filemanager (category:base,tabindex:10)
2025-07-15 15:38:40,566 [INFO] PluginManage:310 - Check plugin ipmanager
2025-07-15 15:38:40,575 [INFO] PluginManage:359 - Loaded plugin ipmanager (category:base,tabindex:5)
2025-07-15 15:38:40,576 [INFO] PluginManage:310 - Check plugin lpbam
2025-07-15 15:38:40,584 [INFO] PluginManage:359 - Loaded plugin lpbam (category:base,tabindex:0)
2025-07-15 15:38:40,584 [INFO] PluginManage:310 - Check plugin memorymap
2025-07-15 15:38:40,594 [INFO] PluginManage:359 - Loaded plugin memorymap (category:base,tabindex:4)
2025-07-15 15:38:40,594 [INFO] PluginManage:310 - Check plugin pinoutandconfiguration
2025-07-15 15:38:40,600 [INFO] PluginManage:359 - Loaded plugin pinoutandconfiguration (category:base,tabindex:1)
2025-07-15 15:38:40,601 [INFO] PluginManage:310 - Check plugin pinoutconfig
2025-07-15 15:38:40,720 [WARN] SupportedApi:132 - Cannot load RTOS API schema: s4s-elt-must-match.1: The content of 'definitions' must match (annotation?, (simpleType | complexType)?, (unique | key | keyref)*)). A problem was found starting at: attribute.
2025-07-15 15:38:40,891 [INFO] PluginManage:359 - Loaded plugin pinoutconfig (category:base,tabindex:0)
2025-07-15 15:38:40,892 [INFO] PluginManage:310 - Check plugin power
2025-07-15 15:38:40,904 [INFO] PluginManage:359 - Loaded plugin power (category:power,tabindex:4)
2025-07-15 15:38:40,905 [INFO] PluginManage:310 - Check plugin projectmanager
2025-07-15 15:38:40,935 [INFO] PluginManage:359 - Loaded plugin projectmanager (category:projectmanager,tabindex:4)
2025-07-15 15:38:40,935 [INFO] PluginManage:310 - Check plugin rif
2025-07-15 15:38:40,945 [INFO] PluginManage:359 - Loaded plugin rif (category:base,tabindex:3)
2025-07-15 15:38:40,945 [INFO] PluginManage:310 - Check plugin thirdparty
2025-07-15 15:38:41,151 [WARN] IntegrityCheckThread:84 - waiting for thirdparty lock release [integrity check]
2025-07-15 15:38:41,153 [INFO] IntegrityCheckThread:86 - entering critical section [integrity check]
2025-07-15 15:38:41,153 [INFO] PluginManage:359 - Loaded plugin thirdparty (category:base,tabindex:-1)
2025-07-15 15:38:41,153 [INFO] PluginManage:310 - Check plugin tools
2025-07-15 15:38:41,154 [INFO] ThirdPartyUpdaterWithRetryManager:70 - Updater plugin not ready yet. [1/15]
2025-07-15 15:38:41,155 [INFO] PluginManage:359 - Loaded plugin tools (category:base,tabindex:7)
2025-07-15 15:38:41,156 [INFO] PluginManage:310 - Check plugin tutovideos
2025-07-15 15:38:41,371 [INFO] PluginManage:359 - Loaded plugin tutovideos (category:base,tabindex:-1)
2025-07-15 15:38:41,371 [INFO] PluginManage:310 - Check plugin updater
2025-07-15 15:38:41,411 [INFO] PluginManage:359 - Loaded plugin updater (category:base,tabindex:12)
2025-07-15 15:38:41,412 [INFO] PluginManage:310 - Check plugin userauth
2025-07-15 15:38:41,417 [INFO] UserAuth:118 - Init User Auth plugin
2025-07-15 15:38:41,418 [INFO] PluginManage:359 - Loaded plugin userauth (category:base,tabindex:14)
2025-07-15 15:38:41,421 [INFO] PluginManage:283 - PluginManage : Loaded plugins [18]
2025-07-15 15:38:41,923 [INFO] PinOutPanel:1589 - setPackage(No Configuration,No Configuration)
2025-07-15 15:38:42,023 [INFO] CADModel:165 - CPN selected for project level
2025-07-15 15:38:42,023 [INFO] CADModel:114 - Register for checkConnection events
2025-07-15 15:38:42,036 [INFO] IPUIPlugin:80 - create IPUIPlugin
2025-07-15 15:38:42,036 [INFO] PluginManager:220 - loadIPPluginJar : add mdma
2025-07-15 15:38:42,044 [INFO] IPUIPlugin:80 - create IPUIPlugin
2025-07-15 15:38:42,044 [INFO] PluginManager:220 - loadIPPluginJar : add freertos
2025-07-15 15:38:42,048 [INFO] IPUIPlugin:80 - create IPUIPlugin
2025-07-15 15:38:42,048 [INFO] PluginManager:220 - loadIPPluginJar : add gic
2025-07-15 15:38:42,058 [INFO] IPUIPlugin:80 - create IPUIPlugin
2025-07-15 15:38:42,059 [INFO] PluginManager:220 - loadIPPluginJar : add adc
2025-07-15 15:38:42,062 [INFO] IPUIPlugin:80 - create IPUIPlugin
2025-07-15 15:38:42,062 [INFO] PluginManager:220 - loadIPPluginJar : add gtzc
2025-07-15 15:38:42,064 [INFO] IPUIPlugin:80 - create IPUIPlugin
2025-07-15 15:38:42,064 [INFO] PluginManager:220 - loadIPPluginJar : add quadspi
2025-07-15 15:38:42,065 [INFO] IPUIPlugin:80 - create IPUIPlugin
2025-07-15 15:38:42,065 [INFO] PluginManager:220 - loadIPPluginJar : add aes
2025-07-15 15:38:42,067 [INFO] IPUIPlugin:80 - create IPUIPlugin
2025-07-15 15:38:42,067 [INFO] PluginManager:220 - loadIPPluginJar : add pdm2pcm
2025-07-15 15:38:42,069 [INFO] IPUIPlugin:80 - create IPUIPlugin
2025-07-15 15:38:42,069 [INFO] PluginManager:220 - loadIPPluginJar : add hash
2025-07-15 15:38:42,070 [INFO] IPUIPlugin:80 - create IPUIPlugin
2025-07-15 15:38:42,071 [INFO] PluginManager:220 - loadIPPluginJar : add tim
2025-07-15 15:38:42,071 [INFO] IPUIPlugin:80 - create IPUIPlugin
2025-07-15 15:38:42,071 [INFO] PluginManager:220 - loadIPPluginJar : add tsc
2025-07-15 15:38:42,073 [INFO] IPUIPlugin:80 - create IPUIPlugin
2025-07-15 15:38:42,074 [INFO] PluginManager:220 - loadIPPluginJar : add extmemmanager
2025-07-15 15:38:42,075 [INFO] IPUIPlugin:80 - create IPUIPlugin
2025-07-15 15:38:42,076 [INFO] PluginManager:220 - loadIPPluginJar : add ts
2025-07-15 15:38:42,078 [INFO] IPUIPlugin:80 - create IPUIPlugin
2025-07-15 15:38:42,078 [INFO] PluginManager:220 - loadIPPluginJar : add radio
2025-07-15 15:38:42,081 [INFO] IPUIPlugin:80 - create IPUIPlugin
2025-07-15 15:38:42,081 [INFO] PluginManager:220 - loadIPPluginJar : add can
2025-07-15 15:38:42,083 [INFO] IPUIPlugin:80 - create IPUIPlugin
2025-07-15 15:38:42,083 [INFO] PluginManager:220 - loadIPPluginJar : add dma3
2025-07-15 15:38:42,084 [INFO] IPUIPlugin:80 - create IPUIPlugin
2025-07-15 15:38:42,084 [INFO] PluginManager:220 - loadIPPluginJar : add dfsdm
2025-07-15 15:38:42,086 [INFO] IPUIPlugin:80 - create IPUIPlugin
2025-07-15 15:38:42,087 [INFO] PluginManager:220 - loadIPPluginJar : add spi
2025-07-15 15:38:42,089 [INFO] IPUIPlugin:80 - create IPUIPlugin
2025-07-15 15:38:42,089 [INFO] PluginManager:220 - loadIPPluginJar : add gfxmmu
2025-07-15 15:38:42,090 [INFO] IPUIPlugin:80 - create IPUIPlugin
2025-07-15 15:38:42,090 [INFO] PluginManager:220 - loadIPPluginJar : add genericplugin
2025-07-15 15:38:42,092 [INFO] IPUIPlugin:80 - create IPUIPlugin
2025-07-15 15:38:42,092 [INFO] PluginManager:220 - loadIPPluginJar : add cryp
2025-07-15 15:38:42,096 [INFO] IPUIPlugin:80 - create IPUIPlugin
2025-07-15 15:38:42,096 [INFO] PluginManager:220 - loadIPPluginJar : add gpio
2025-07-15 15:38:42,099 [INFO] IPUIPlugin:80 - create IPUIPlugin
2025-07-15 15:38:42,099 [INFO] PluginManager:220 - loadIPPluginJar : add ddr_ctrl_phy
2025-07-15 15:38:42,101 [INFO] IPUIPlugin:80 - create IPUIPlugin
2025-07-15 15:38:42,102 [INFO] PluginManager:220 - loadIPPluginJar : add comp
2025-07-15 15:38:42,103 [INFO] IPUIPlugin:80 - create IPUIPlugin
2025-07-15 15:38:42,104 [INFO] PluginManager:220 - loadIPPluginJar : add tracer_emb
2025-07-15 15:38:42,106 [INFO] IPUIPlugin:80 - create IPUIPlugin
2025-07-15 15:38:42,106 [INFO] PluginManager:220 - loadIPPluginJar : add openamp
2025-07-15 15:38:42,110 [INFO] IPUIPlugin:80 - create IPUIPlugin
2025-07-15 15:38:42,110 [INFO] PluginManager:220 - loadIPPluginJar : add stm32_wpan
2025-07-15 15:38:42,115 [INFO] IPUIPlugin:80 - create IPUIPlugin
2025-07-15 15:38:42,118 [INFO] PluginManager:220 - loadIPPluginJar : add plateformsettings
2025-07-15 15:38:42,120 [INFO] IPUIPlugin:80 - create IPUIPlugin
2025-07-15 15:38:42,120 [INFO] PluginManager:220 - loadIPPluginJar : add ipddr
2025-07-15 15:38:42,122 [INFO] IPUIPlugin:80 - create IPUIPlugin
2025-07-15 15:38:42,123 [INFO] PluginManager:220 - loadIPPluginJar : add usart
2025-07-15 15:38:42,123 [INFO] IPUIPlugin:80 - create IPUIPlugin
2025-07-15 15:38:42,123 [INFO] PluginManager:220 - loadIPPluginJar : add ltdc
2025-07-15 15:38:42,126 [INFO] IPUIPlugin:80 - create IPUIPlugin
2025-07-15 15:38:42,126 [INFO] PluginManager:220 - loadIPPluginJar : add nvic
2025-07-15 15:38:42,127 [INFO] IPUIPlugin:80 - create IPUIPlugin
2025-07-15 15:38:42,127 [INFO] PluginManager:220 - loadIPPluginJar : add fatfs
2025-07-15 15:38:42,132 [INFO] IPUIPlugin:80 - create IPUIPlugin
2025-07-15 15:38:42,133 [INFO] PluginManager:220 - loadIPPluginJar : add linkedlist
2025-07-15 15:38:42,138 [INFO] IPUIPlugin:80 - create IPUIPlugin
2025-07-15 15:38:42,139 [INFO] PluginManager:220 - loadIPPluginJar : add dma
2025-07-15 15:38:42,141 [INFO] IPUIPlugin:80 - create IPUIPlugin
2025-07-15 15:38:42,142 [INFO] PluginManager:220 - loadIPPluginJar : add fmc
2025-07-15 15:38:42,144 [INFO] IPUIPlugin:80 - create IPUIPlugin
2025-07-15 15:38:42,144 [INFO] PluginManager:220 - loadIPPluginJar : add i2s
2025-07-15 15:38:42,145 [INFO] IPUIPlugin:80 - create IPUIPlugin
2025-07-15 15:38:42,145 [INFO] PluginManager:220 - loadIPPluginJar : add ucpd
2025-07-15 15:38:42,146 [INFO] IPUIPlugin:80 - create IPUIPlugin
2025-07-15 15:38:42,146 [INFO] PluginManager:220 - loadIPPluginJar : add lorawan
2025-07-15 15:38:42,149 [INFO] IPUIPlugin:80 - create IPUIPlugin
2025-07-15 15:38:42,150 [INFO] PluginManager:220 - loadIPPluginJar : add opamp
2025-07-15 15:38:42,152 [INFO] IPUIPlugin:80 - create IPUIPlugin
2025-07-15 15:38:42,152 [INFO] PluginManager:220 - loadIPPluginJar : add i3c
2025-07-15 15:38:42,154 [INFO] IPUIPlugin:80 - create IPUIPlugin
2025-07-15 15:38:42,155 [INFO] PluginManager:220 - loadIPPluginJar : add touchsensing
2025-07-15 15:38:42,156 [INFO] IPUIPlugin:80 - create IPUIPlugin
2025-07-15 15:38:42,157 [INFO] PluginManager:220 - loadIPPluginJar : add i2c
2025-07-15 15:38:42,159 [INFO] IPUIPlugin:80 - create IPUIPlugin
2025-07-15 15:38:42,159 [INFO] PluginManager:220 - loadIPPluginJar : add resmgrutility
2025-07-15 15:38:42,161 [INFO] IPUIPlugin:80 - create IPUIPlugin
2025-07-15 15:38:42,161 [INFO] PluginManager:220 - loadIPPluginJar : add sai
2025-07-15 15:38:42,163 [INFO] IPUIPlugin:80 - create IPUIPlugin
2025-07-15 15:38:42,164 [INFO] PluginManager:220 - loadIPPluginJar : add usbx
2025-07-15 15:38:42,287 [FATAL] Updater:351 - Updater called before beeing initialized
2025-07-15 15:38:42,346 [INFO] RulesReader:64 - Compatibility file has been processed (317 Rules)
2025-07-15 15:38:42,369 [INFO] RulesReader:64 - Compatibility file has been processed (317 Rules)
2025-07-15 15:38:42,379 [INFO] CADModel:165 - CPN selected for project level
2025-07-15 15:38:42,379 [INFO] CADModel:114 - Register for checkConnection events
2025-07-15 15:38:42,379 [FATAL] Updater:351 - Updater called before beeing initialized
2025-07-15 15:38:42,379 [ERROR] CADModel:125 - Updater not yet initialized, retry later 
2025-07-15 15:38:42,661 [FATAL] Updater:351 - Updater called before beeing initialized
2025-07-15 15:38:42,663 [INFO] CADModel:165 - CPN selected for project level
2025-07-15 15:38:42,665 [INFO] CADModel:114 - Register for checkConnection events
2025-07-15 15:38:42,666 [FATAL] Updater:351 - Updater called before beeing initialized
2025-07-15 15:38:42,667 [ERROR] CADModel:125 - Updater not yet initialized, retry later 
2025-07-15 15:38:42,671 [FATAL] Updater:351 - Updater called before beeing initialized
2025-07-15 15:38:42,871 [FATAL] Updater:351 - Updater called before beeing initialized
2025-07-15 15:38:42,878 [INFO] DbMcusAds:53 - JSON generation date=Tue Jul 08 10:14:27 CEST 2025 (1751962467633)
2025-07-15 15:38:42,880 [FATAL] Updater:351 - Updater called before beeing initialized
2025-07-15 15:38:42,932 [WARN] DetailPanel:346 - Failed to get advertising image, set to default
2025-07-15 15:38:43,018 [FATAL] Updater:351 - Updater called before beeing initialized
2025-07-15 15:38:43,022 [FATAL] Updater:351 - Updater called before beeing initialized
2025-07-15 15:38:43,022 [FATAL] Updater:351 - Updater called before beeing initialized
2025-07-15 15:38:43,022 [WARN] DetailPanel:346 - Failed to get advertising image, set to default
2025-07-15 15:38:43,024 [FATAL] Updater:351 - Updater called before beeing initialized
2025-07-15 15:38:43,091 [ERROR] Updater:1198 - MainUpdater not yet initialized. External WinMGr cannot be set.
2025-07-15 15:38:43,097 [INFO] Updater:1134 - Updater Version found : 6.15.0
2025-07-15 15:38:43,114 [INFO] ApplicationProperties:184 - Using Application install path: /Applications/STM32CubeIDE.app/Contents/Eclipse/plugins/com.st.stm32cube.common.mx_6.15.0.202507011659
2025-07-15 15:38:43,804 [INFO] MainUpdater:2872 - connection check result : 10
2025-07-15 15:38:43,805 [INFO] MainUpdater:289 - Updater Check For Update Now.
2025-07-15 15:38:43,808 [INFO] MicroXplorer:498 - Change Database Version : DB.6.0.150
2025-07-15 15:38:43,818 [INFO] McuFinderGlobals:63 - Set McuFinder mode to 2 (CubeIDE integrated)
2025-07-15 15:38:43,820 [INFO] UserAuth:487 - Internet connection configuration mode: 1
2025-07-15 15:38:43,844 [INFO] JxBrowserEngine:152 - Initiate JxBrowser Engine with user profile folder
2025-07-15 15:38:44,160 [WARN] MainUpdater:1193 - Updater busy. Cannot search thirdparties
2025-07-15 15:38:44,160 [INFO] ThirdPartyUpdaterWithRetryManager:96 - Updater plugin is busy. [1/15]
2025-07-15 15:38:44,176 [INFO] CheckServerUpdateThread:120 - End of CheckServer Thread
2025-07-15 15:38:47,349 [WARN] PackLoader:240 - Cannot read IP mode file for STMicroelectronics.FP-SNS-MOTENVWB1.1.4.0
2025-07-15 15:38:47,373 [WARN] PackLoader:240 - Cannot read IP mode file for STMicroelectronics.X-CUBE-SMBUS.2.1.0
2025-07-15 15:38:47,396 [WARN] PackLoader:240 - Cannot read IP mode file for STMicroelectronics.X-CUBE-WB05N.1.1.0
2025-07-15 15:38:47,407 [WARN] PackLoader:240 - Cannot read IP mode file for STMicroelectronics.X-CUBE-ST60.1.0.0
2025-07-15 15:38:47,465 [WARN] PackLoader:240 - Cannot read IP mode file for STMicroelectronics.X-CUBE-AZRTOS-F7.1.1.0
2025-07-15 15:38:47,556 [WARN] PackLoader:240 - Cannot read IP mode file for Infineon.AIROC-Wi-Fi-Bluetooth-STM32.1.7.0
2025-07-15 15:38:47,648 [WARN] PackLoader:240 - Cannot read IP mode file for STMicroelectronics.X-CUBE-AZRTOS-H7.3.4.0
2025-07-15 15:38:47,693 [WARN] PackLoader:240 - Cannot read IP mode file for STMicroelectronics.X-CUBE-DISPLAY.3.0.0
2025-07-15 15:38:47,729 [WARN] PackLoader:240 - Cannot read IP mode file for STMicroelectronics.X-CUBE-NFC10.1.0.0
2025-07-15 15:38:47,761 [WARN] PackLoader:240 - Cannot read IP mode file for emotas.I-CUBE-CANOPEN.1.3.0
2025-07-15 15:38:47,768 [WARN] ConditionMgr:438 - getConditionDescription Invalid condition id : Cortex-A Device cause : null
2025-07-15 15:38:47,791 [WARN] ConditionMgr:1044 - genDependencies : Invalid condition id : Cortex-A Device cause : null
2025-07-15 15:38:47,791 [WARN] ConditionMgr:1044 - genDependencies : Invalid condition id : Cortex-A Device cause : null
2025-07-15 15:38:47,791 [WARN] ConditionMgr:1044 - genDependencies : Invalid condition id : Cortex-A Device cause : null
2025-07-15 15:38:47,803 [WARN] PackLoader:240 - Cannot read IP mode file for STMicroelectronics.X-CUBE-AI.10.0.0
2025-07-15 15:38:47,813 [WARN] PackLoader:240 - Cannot read IP mode file for STMicroelectronics.FP-SNS-SMARTAG2.1.2.0
2025-07-15 15:38:47,957 [WARN] PackLoader:240 - Cannot read IP mode file for STMicroelectronics.X-CUBE-MEMS1.11.1.0
2025-07-15 15:38:48,113 [INFO] LogOutputStream:77 - [STDOUT_REDIRECT] 1 : Invalid condition id : UX_CORESTACK_Condition cause : null
2025-07-15 15:38:48,115 [INFO] LogOutputStream:77 - [STDOUT_REDIRECT] 1 : Invalid condition id : UX_CORESTACK_Condition cause : null
2025-07-15 15:38:48,115 [INFO] LogOutputStream:77 - [STDOUT_REDIRECT] 1 : Invalid condition id : UX_CORESTACK_Condition cause : null
2025-07-15 15:38:48,116 [INFO] LogOutputStream:77 - [STDOUT_REDIRECT] 1 : Invalid condition id : UX_CORESTACK_Condition cause : null
2025-07-15 15:38:48,116 [INFO] LogOutputStream:77 - [STDOUT_REDIRECT] 1 : Invalid condition id : UX_CORESTACK_Condition cause : null
2025-07-15 15:38:48,123 [WARN] PackLoader:240 - Cannot read IP mode file for STMicroelectronics.X-CUBE-AZRTOS-WL.2.0.0
2025-07-15 15:38:48,149 [WARN] PackLoader:240 - Cannot read IP mode file for STMicroelectronics.FP-SNS-MOTENV1.5.0.0
2025-07-15 15:38:48,165 [WARN] PackLoader:240 - Cannot read IP mode file for WES.I-CUBE-Cesium.1.3.0
2025-07-15 15:38:48,175 [WARN] PackLoader:240 - Cannot read IP mode file for STMicroelectronics.X-CUBE-BLE2.3.3.0
2025-07-15 15:38:48,191 [WARN] PackLoader:240 - Cannot read IP mode file for STMicroelectronics.X-CUBE-NFC9.1.0.0
2025-07-15 15:38:48,215 [WARN] PackLoader:240 - Cannot read IP mode file for STMicroelectronics.X-CUBE-EEPRMA1.5.2.0
2025-07-15 15:38:48,221 [WARN] PackLoader:240 - Cannot read IP mode file for STMicroelectronics.X-CUBE-AI.10.1.0
2025-07-15 15:38:48,594 [WARN] PackLoader:240 - Cannot read IP mode file for STMicroelectronics.X-CUBE-MEMS1.11.2.0
2025-07-15 15:38:49,018 [WARN] PackLoader:240 - Cannot read IP mode file for STMicroelectronics.X-CUBE-AZRTOS-G0.1.1.0
2025-07-15 15:38:49,077 [WARN] PackLoader:240 - Cannot read IP mode file for STMicroelectronics.X-CUBE-SAFEA1.1.2.2
2025-07-15 15:38:49,093 [WARN] PackLoader:240 - Cannot read IP mode file for STMicroelectronics.X-CUBE-NFC4.3.0.0
2025-07-15 15:38:49,152 [WARN] PackLoader:240 - Cannot read IP mode file for EmbeddedOffice.I-CUBE-FS-RTOS.1.0.1
2025-07-15 15:38:49,180 [WARN] PackLoader:240 - Cannot read IP mode file for STMicroelectronics.X-CUBE-WB05N.2.0.0
2025-07-15 15:38:49,214 [WARN] PackLoader:240 - Cannot read IP mode file for RealThread.X-CUBE-RT-Thread_Nano.4.1.1
2025-07-15 15:38:49,226 [WARN] PackLoader:240 - Cannot read IP mode file for STMicroelectronics.FP-ATR-SIGFOX1.3.2.0
2025-07-15 15:38:49,246 [WARN] PackLoader:240 - Cannot read IP mode file for STMicroelectronics.X-CUBE-EEPRMA1.5.1.0
2025-07-15 15:38:49,257 [WARN] PackLoader:240 - Cannot read IP mode file for ITTIA_DB.I-CUBE-ITTIADB.8.9.0
2025-07-15 15:38:49,283 [WARN] PackLoader:240 - Cannot read IP mode file for STMicroelectronics.X-CUBE-ST67W61.1.0.0
2025-07-15 15:38:49,355 [WARN] PackLoader:240 - Cannot read IP mode file for SEGGER.I-CUBE-embOS.1.3.1
2025-07-15 15:38:49,393 [INFO] WebApp:169 - Instantiating new browser for Auth
2025-07-15 15:38:49,419 [WARN] PackLoader:240 - Cannot read IP mode file for STMicroelectronics.X-CUBE-ALGOBUILD.1.4.0
2025-07-15 15:38:49,527 [WARN] PackLoader:240 - Cannot read IP mode file for STMicroelectronics.X-CUBE-MEMS1.11.3.0
2025-07-15 15:38:49,673 [WARN] PackLoader:240 - Cannot read IP mode file for STMicroelectronics.X-CUBE-PM33A1.1.0.0
2025-07-15 15:38:49,711 [WARN] PackLoader:240 - Cannot read IP mode file for STMicroelectronics.X-CUBE-AZRTOS-F4.1.1.0
2025-07-15 15:38:49,723 [WARN] PackLoader:240 - Cannot read IP mode file for Avnet-IotConnect.X-CUBE-IoTC-DA16k-PMOD.1.0.0
2025-07-15 15:38:49,727 [WARN] PackLoader:240 - Cannot read IP mode file for STMicroelectronics.X-CUBE-ISPU.2.1.0
2025-07-15 15:38:49,741 [WARN] PackLoader:240 - Cannot read IP mode file for STMicroelectronics.X-CUBE-NFC12.1.0.0
2025-07-15 15:38:49,802 [WARN] PackLoader:240 - Cannot read IP mode file for STMicroelectronics.X-CUBE-AZRTOS-L5.2.0.0
2025-07-15 15:38:49,845 [WARN] PackLoader:240 - Cannot read IP mode file for STMicroelectronics.X-CUBE-NFC6.3.1.0
2025-07-15 15:38:49,868 [WARN] PackLoader:240 - Cannot read IP mode file for STMicroelectronics.X-CUBE-FREERTOS.1.3.1
2025-07-15 15:38:49,876 [WARN] PackLoader:240 - Cannot read IP mode file for STMicroelectronics.X-CUBE-FREERTOS.1.3.0
2025-07-15 15:38:49,883 [WARN] PackLoader:240 - Cannot read IP mode file for STMicroelectronics.X-CUBE-NFC7.1.0.1
2025-07-15 15:38:49,897 [WARN] PackLoader:240 - Cannot read IP mode file for STMicroelectronics.FP-SNS-STAIOTCFT.1.0.0
2025-07-15 15:38:49,927 [WARN] ConditionMgr:438 - getConditionDescription Invalid condition id : LAN8742 Phy interface Condition cause : null
2025-07-15 15:38:49,930 [WARN] PackLoader:240 - Cannot read IP mode file for STMicroelectronics.X-CUBE-AZRTOS-L4.2.0.0
2025-07-15 15:38:49,939 [WARN] ConditionMgr:1044 - genDependencies : Invalid condition id : LAN8742 Phy interface Condition cause : null
2025-07-15 15:38:49,940 [WARN] ConditionMgr:1044 - genDependencies : Invalid condition id : LAN8742 Phy interface Condition cause : null
2025-07-15 15:38:49,942 [WARN] ConditionMgr:1044 - genDependencies : Invalid condition id : LAN8742 Phy interface Condition cause : null
2025-07-15 15:38:49,969 [WARN] PackLoader:240 - Cannot read IP mode file for STMicroelectronics.X-CUBE-SFXS2LP1.4.0.0
2025-07-15 15:38:50,224 [WARN] PackLoader:240 - Cannot read IP mode file for STMicroelectronics.X-CUBE-AZRTOS-H7.3.3.0
2025-07-15 15:38:50,510 [WARN] ConditionMgr:438 - getConditionDescription Invalid condition id : UX DEVICE CLASS RTOS Condition cause : null
2025-07-15 15:38:50,515 [WARN] ConditionMgr:438 - getConditionDescription Invalid condition id : UX DEVICE CLASS RTOS Condition cause : null
2025-07-15 15:38:50,520 [WARN] PackLoader:240 - Cannot read IP mode file for STMicroelectronics.X-CUBE-AZRTOS-WB.2.0.0
2025-07-15 15:38:50,524 [WARN] ConditionMgr:1044 - genDependencies : Invalid condition id : UX DEVICE CLASS RTOS Condition cause : null
2025-07-15 15:38:50,524 [WARN] ConditionMgr:1044 - genDependencies : Invalid condition id : UX DEVICE CLASS RTOS Condition cause : null
2025-07-15 15:38:50,526 [WARN] ConditionMgr:1044 - genDependencies : Invalid condition id : UX DEVICE CLASS RTOS Condition cause : null
2025-07-15 15:38:50,526 [WARN] ConditionMgr:1044 - genDependencies : Invalid condition id : UX DEVICE CLASS RTOS Condition cause : null
2025-07-15 15:38:50,526 [WARN] ConditionMgr:1044 - genDependencies : Invalid condition id : UX DEVICE CLASS RTOS Condition cause : null
2025-07-15 15:38:50,553 [WARN] PackLoader:240 - Cannot read IP mode file for STMicroelectronics.FP-SNS-STBOX1.2.0.0
2025-07-15 15:38:50,580 [WARN] PackLoader:240 - Cannot read IP mode file for STMicroelectronics.X-CUBE-SUBG2.5.0.0
2025-07-15 15:38:50,600 [WARN] PackLoader:240 - Cannot read IP mode file for Cesanta.I-CUBE-Mongoose.7.13.0
2025-07-15 15:38:50,625 [WARN] PackLoader:240 - Cannot read IP mode file for STMicroelectronics.X-CUBE-AZRTOS-G4.2.0.0
2025-07-15 15:38:50,642 [WARN] PackLoader:240 - Cannot read IP mode file for STMicroelectronics.X-CUBE-NFC7.2.0.0
2025-07-15 15:38:50,649 [WARN] PackLoader:240 - Cannot read IP mode file for STMicroelectronics.X-CUBE-ALS.1.0.2
2025-07-15 15:38:50,664 [WARN] PackLoader:240 - Cannot read IP mode file for portGmbH.I-Cube-SoM-uGOAL.1.1.0
2025-07-15 15:38:50,683 [WARN] PackLoader:240 - Cannot read IP mode file for STMicroelectronics.X-CUBE-TOF1.3.4.2
2025-07-15 15:38:50,711 [WARN] PackLoader:240 - Cannot read IP mode file for STMicroelectronics.X-CUBE-TOF1.3.4.3
2025-07-15 15:38:50,740 [INFO] ThirdParty:978 - Integrity check success = true
2025-07-15 15:38:50,740 [INFO] IntegrityCheckThread:100 - exiting critical section [integrity check]
2025-07-15 15:38:50,740 [INFO] IntegrityCheckThread:103 - End integrity checks thread
2025-07-15 15:38:51,534 [INFO] WebApp:463 - Apply proxy settings
2025-07-15 15:38:51,560 [INFO] WebApp:508 - Chromium authenticates against Manually configured proxy
2025-07-15 15:38:51,580 [INFO] WebApp:516 - Username used for proxy authentication: 
2025-07-15 15:38:51,632 [INFO] WebApp:900 - Register for checkConnection events
2025-07-15 15:38:51,633 [INFO] WebApp:463 - Apply proxy settings
2025-07-15 15:38:51,639 [INFO] WebApp:508 - Chromium authenticates against Manually configured proxy
2025-07-15 15:38:51,640 [INFO] WebApp:516 - Username used for proxy authentication: 
2025-07-15 15:38:51,852 [INFO] WebApp:225 - Starting web application
2025-07-15 15:38:51,853 [INFO] WebApp:593 - Web application path used /Applications/STM32CubeIDE.app/Contents/Eclipse/plugins/com.st.stm32cube.common.mx_6.15.0.202507011659/db/plugins/mcufinder/reactClient1/index.html
2025-07-15 15:38:52,531 [INFO] WebApp:191 - Connection restablished
2025-07-15 15:38:52,592 [INFO] UserAuth:487 - Internet connection configuration mode: 1
2025-07-15 16:31:20,548 [ERROR] LogOutputStream:75 - [STDERR_REDIRECT] Jul 15, 2025 4:31:20 PM org.apache.lucene.internal.vectorization.VectorizationProvider lookup
2025-07-15 16:31:20,557 [ERROR] LogOutputStream:75 - [STDERR_REDIRECT] WARNING: Java vector incubator module is not readable. For optimal vector performance, pass '--add-modules jdk.incubator.vector' to enable Vector API.
2025-07-15 16:31:20,559 [ERROR] LogOutputStream:75 - [STDERR_REDIRECT] 
2025-07-15 18:03:17,592 [INFO] LogOutputStream:77 - [STDOUT_REDIRECT] StartTraceHandler.execute(), success : Collect=true
2025-07-15 18:03:21,565 [INFO] LogOutputStream:77 - [STDOUT_REDIRECT] StartTraceHandler.execute(), success : Collect=false
2025-07-15 18:03:56,893 [INFO] LogOutputStream:77 - [STDOUT_REDIRECT] StartTraceHandler.execute(), success : Collect=true
2025-07-15 18:04:47,847 [INFO] LogOutputStream:77 - [STDOUT_REDIRECT] StartTraceHandler.execute(), success : Collect=false
2025-07-15 18:16:08,204 [INFO] LogOutputStream:77 - [STDOUT_REDIRECT] StartTraceHandler.execute(), success : Collect=true
2025-07-15 18:16:09,110 [INFO] LogOutputStream:77 - [STDOUT_REDIRECT] StartTraceHandler.execute(), success : Collect=false
2025-07-15 18:16:09,577 [INFO] LogOutputStream:77 - [STDOUT_REDIRECT] StartTraceHandler.execute(), success : Collect=true
2025-07-15 18:16:10,090 [INFO] LogOutputStream:77 - [STDOUT_REDIRECT] StartTraceHandler.execute(), success : Collect=false
2025-07-15 18:16:10,362 [INFO] LogOutputStream:77 - [STDOUT_REDIRECT] StartTraceHandler.execute(), success : Collect=true
2025-07-15 18:16:10,525 [INFO] LogOutputStream:77 - [STDOUT_REDIRECT] StartTraceHandler.execute(), success : Collect=false
2025-07-15 18:16:10,752 [INFO] LogOutputStream:77 - [STDOUT_REDIRECT] StartTraceHandler.execute(), success : Collect=true
2025-07-15 18:18:33,753 [INFO] LogOutputStream:77 - [STDOUT_REDIRECT] StartTraceHandler.execute(), success : Collect=false
2025-07-15 18:18:44,295 [INFO] LogOutputStream:77 - [STDOUT_REDIRECT] StartTraceHandler.execute(), success : Collect=true
2025-07-15 18:20:05,080 [INFO] LogOutputStream:77 - [STDOUT_REDIRECT] StartTraceHandler.execute(), success : Collect=false
2025-07-15 18:20:24,615 [INFO] LogOutputStream:77 - [STDOUT_REDIRECT] StartTraceHandler.execute(), success : Collect=true
2025-07-15 18:30:50,950 [INFO] LogOutputStream:77 - [STDOUT_REDIRECT] StartTraceHandler.execute(), success : Collect=false
2025-07-15 18:30:54,308 [INFO] LogOutputStream:77 - [STDOUT_REDIRECT] StartTraceHandler.execute(), success : Collect=true
2025-07-15 18:31:01,935 [INFO] LogOutputStream:77 - [STDOUT_REDIRECT] StartTraceHandler.execute(), success : Collect=false
2025-07-15 18:31:04,100 [INFO] LogOutputStream:77 - [STDOUT_REDIRECT] StartTraceHandler.execute(), success : Collect=true
2025-07-15 18:32:05,478 [INFO] LogOutputStream:77 - [STDOUT_REDIRECT] StartTraceHandler.execute(), success : Collect=false
2025-07-15 18:32:38,137 [INFO] LogOutputStream:77 - [STDOUT_REDIRECT] StartTraceHandler.execute(), success : Collect=true
2025-07-15 18:37:27,723 [INFO] LogOutputStream:77 - [STDOUT_REDIRECT] StartTraceHandler.execute(), success : Collect=false
2025-07-15 18:37:33,268 [INFO] LogOutputStream:77 - [STDOUT_REDIRECT] StartTraceHandler.execute(), success : Collect=true
2025-07-15 18:37:35,244 [INFO] LogOutputStream:77 - [STDOUT_REDIRECT] StartTraceHandler.execute(), success : Collect=false
2025-07-15 18:37:35,982 [INFO] LogOutputStream:77 - [STDOUT_REDIRECT] StartTraceHandler.execute(), success : Collect=true
2025-07-15 18:39:36,482 [INFO] LogOutputStream:77 - [STDOUT_REDIRECT] StartTraceHandler.execute(), success : Collect=false
2025-07-15 18:42:56,265 [INFO] LogOutputStream:77 - [STDOUT_REDIRECT] StartTraceHandler.execute(), success : Collect=true
2025-07-15 18:42:57,314 [INFO] LogOutputStream:77 - [STDOUT_REDIRECT] StartTraceHandler.execute(), success : Collect=false
2025-07-15 18:43:14,672 [INFO] LogOutputStream:77 - [STDOUT_REDIRECT] StartTraceHandler.execute(), success : Collect=true
2025-07-15 18:43:56,545 [INFO] LogOutputStream:77 - [STDOUT_REDIRECT] StartTraceHandler.execute(), success : Collect=false
2025-07-15 18:44:24,509 [INFO] LogOutputStream:77 - [STDOUT_REDIRECT] StartTraceHandler.execute(), success : Collect=true
